# JRE version: Java(TM) SE Runtime Environment (17.0.12+8) (build 17.0.12+8-LTS-286)
# Java VM: Java HotSpot(TM) 64-Bit Server VM (17.0.12+8-LTS-286, mixed mode, emulated-client, sharing, tiered, compressed oops, compressed class ptrs, g1 gc, windows-amd64)
GC Precious Log:
 CPUs: 12 total, 12 available
 Memory: 32536M
 Large Page Support: Disabled
 NUMA Support: Disabled
 Compressed Oops: Enabled (Zero based)
 Heap Region Size: 4M
 Heap Min Capacity: 8M
 Heap Initial Capacity: 512M
 Heap Max Capacity: 8136M
 Pre-touch: Disabled
 Parallel Workers: 10
 Concurrent Workers: 3
 Concurrent Refinement Workers: 10
 Periodic GC: Disabled
Heap:
 garbage-first heap   total 69632K, used 22499K [0x0000000603800000, 0x0000000800000000)
  region size 4096K, 4 young (16384K), 1 survivors (4096K)
 Metaspace       used 29760K, committed 30208K, reserved 1114112K
  class space    used 3940K, committed 4160K, reserved 1048576K
GC Heap History (10 events):
Event: 0.292 GC heap before
{Heap before GC invocations=0 (full 0):
 garbage-first heap   total 524288K, used 24576K [0x0000000603800000, 0x0000000800000000)
  region size 4096K, 6 young (24576K), 0 survivors (0K)
 Metaspace       used 6339K, committed 6464K, reserved 1114112K
  class space    used 767K, committed 832K, reserved 1048576K
}
Event: 0.294 GC heap after
{Heap after GC invocations=1 (full 0):
 garbage-first heap   total 524288K, used 4814K [0x0000000603800000, 0x0000000800000000)
  region size 4096K, 1 young (4096K), 1 survivors (4096K)
 Metaspace       used 6339K, committed 6464K, reserved 1114112K
  class space    used 767K, committed 832K, reserved 1048576K
}
Event: 0.481 GC heap before
{Heap before GC invocations=1 (full 0):
 garbage-first heap   total 524288K, used 29390K [0x0000000603800000, 0x0000000800000000)
  region size 4096K, 7 young (28672K), 1 survivors (4096K)
 Metaspace       used 11186K, committed 11456K, reserved 1114112K
  class space    used 1499K, committed 1600K, reserved 1048576K
}
Event: 0.483 GC heap after
{Heap after GC invocations=2 (full 0):
 garbage-first heap   total 524288K, used 6585K [0x0000000603800000, 0x0000000800000000)
  region size 4096K, 1 young (4096K), 1 survivors (4096K)
 Metaspace       used 11186K, committed 11456K, reserved 1114112K
  class space    used 1499K, committed 1600K, reserved 1048576K
}
Event: 0.876 GC heap before
{Heap before GC invocations=2 (full 0):
 garbage-first heap   total 524288K, used 68025K [0x0000000603800000, 0x0000000800000000)
  region size 4096K, 17 young (69632K), 1 survivors (4096K)
 Metaspace       used 21270K, committed 21504K, reserved 1114112K
  class space    used 2881K, committed 3008K, reserved 1048576K
}
Event: 0.878 GC heap after
{Heap after GC invocations=3 (full 0):
 garbage-first heap   total 524288K, used 10021K [0x0000000603800000, 0x0000000800000000)
  region size 4096K, 2 young (8192K), 2 survivors (8192K)
 Metaspace       used 21270K, committed 21504K, reserved 1114112K
  class space    used 2881K, committed 3008K, reserved 1048576K
}
Event: 1.144 GC heap before
{Heap before GC invocations=4 (full 0):
 garbage-first heap   total 69632K, used 46885K [0x0000000603800000, 0x0000000800000000)
  region size 4096K, 12 young (49152K), 2 survivors (8192K)
 Metaspace       used 26414K, committed 26752K, reserved 1114112K
  class space    used 3543K, committed 3712K, reserved 1048576K
}
Event: 1.147 GC heap after
{Heap after GC invocations=5 (full 0):
 garbage-first heap   total 69632K, used 13824K [0x0000000603800000, 0x0000000800000000)
  region size 4096K, 3 young (12288K), 3 survivors (12288K)
 Metaspace       used 26414K, committed 26752K, reserved 1114112K
  class space    used 3543K, committed 3712K, reserved 1048576K
}
Event: 10.872 GC heap before
{Heap before GC invocations=5 (full 0):
 garbage-first heap   total 69632K, used 17920K [0x0000000603800000, 0x0000000800000000)
  region size 4096K, 4 young (16384K), 3 survivors (12288K)
 Metaspace       used 27600K, committed 27904K, reserved 1114112K
  class space    used 3697K, committed 3840K, reserved 1048576K
}
Event: 10.876 GC heap after
{Heap after GC invocations=6 (full 0):
 garbage-first heap   total 69632K, used 14307K [0x0000000603800000, 0x0000000800000000)
  region size 4096K, 1 young (4096K), 1 survivors (4096K)
 Metaspace       used 27600K, committed 27904K, reserved 1114112K
  class space    used 3697K, committed 3840K, reserved 1048576K
}

