# JRE version: Java(TM) SE Runtime Environment (17.0.12+8) (build 17.0.12+8-LTS-286)
# Java VM: Java HotSpot(TM) 64-Bit Server VM (17.0.12+8-LTS-286, mixed mode, emulated-client, sharing, tiered, compressed oops, compressed class ptrs, g1 gc, windows-amd64)
GC Precious Log:
 CPUs: 12 total, 12 available
 Memory: 32536M
 Large Page Support: Disabled
 NUMA Support: Disabled
 Compressed Oops: Enabled (Zero based)
 Heap Region Size: 4M
 Heap Min Capacity: 8M
 Heap Initial Capacity: 512M
 Heap Max Capacity: 8136M
 Pre-touch: Disabled
 Parallel Workers: 10
 Concurrent Workers: 3
 Concurrent Refinement Workers: 10
 Periodic GC: Disabled
Heap:
 garbage-first heap   total 299008K, used 228399K [0x0000000603800000, 0x0000000800000000)
  region size 4096K, 45 young (184320K), 6 survivors (24576K)
 Metaspace       used 31297K, committed 31744K, reserved 1114112K
  class space    used 4096K, committed 4288K, reserved 1048576K
GC Heap History (20 events):
Event: 293.560 GC heap after
{Heap after GC invocations=12 (full 0):
 garbage-first heap   total 299008K, used 38643K [0x0000000603800000, 0x0000000800000000)
  region size 4096K, 1 young (4096K), 1 survivors (4096K)
 Metaspace       used 30799K, committed 31168K, reserved 1114112K
  class space    used 4039K, committed 4224K, reserved 1048576K
}
Event: 338.789 GC heap before
{Heap before GC invocations=12 (full 0):
 garbage-first heap   total 299008K, used 222963K [0x0000000603800000, 0x0000000800000000)
  region size 4096K, 43 young (176128K), 1 survivors (4096K)
 Metaspace       used 31293K, committed 31616K, reserved 1114112K
  class space    used 4096K, committed 4224K, reserved 1048576K
}
Event: 338.791 GC heap after
{Heap after GC invocations=13 (full 0):
 garbage-first heap   total 299008K, used 39178K [0x0000000603800000, 0x0000000800000000)
  region size 4096K, 3 young (12288K), 3 survivors (12288K)
 Metaspace       used 31293K, committed 31616K, reserved 1114112K
  class space    used 4096K, committed 4224K, reserved 1048576K
}
Event: 343.979 GC heap before
{Heap before GC invocations=13 (full 0):
 garbage-first heap   total 299008K, used 223498K [0x0000000603800000, 0x0000000800000000)
  region size 4096K, 43 young (176128K), 3 survivors (12288K)
 Metaspace       used 31296K, committed 31744K, reserved 1114112K
  class space    used 4096K, committed 4288K, reserved 1048576K
}
Event: 343.980 GC heap after
{Heap after GC invocations=14 (full 0):
 garbage-first heap   total 299008K, used 49350K [0x0000000603800000, 0x0000000800000000)
  region size 4096K, 4 young (16384K), 4 survivors (16384K)
 Metaspace       used 31296K, committed 31744K, reserved 1114112K
  class space    used 4096K, committed 4288K, reserved 1048576K
}
Event: 344.268 GC heap before
{Heap before GC invocations=14 (full 0):
 garbage-first heap   total 299008K, used 221382K [0x0000000603800000, 0x0000000800000000)
  region size 4096K, 43 young (176128K), 4 survivors (16384K)
 Metaspace       used 31296K, committed 31744K, reserved 1114112K
  class space    used 4096K, committed 4288K, reserved 1048576K
}
Event: 344.269 GC heap after
{Heap after GC invocations=15 (full 0):
 garbage-first heap   total 299008K, used 49687K [0x0000000603800000, 0x0000000800000000)
  region size 4096K, 4 young (16384K), 4 survivors (16384K)
 Metaspace       used 31296K, committed 31744K, reserved 1114112K
  class space    used 4096K, committed 4288K, reserved 1048576K
}
Event: 344.575 GC heap before
{Heap before GC invocations=15 (full 0):
 garbage-first heap   total 299008K, used 229911K [0x0000000603800000, 0x0000000800000000)
  region size 4096K, 43 young (176128K), 4 survivors (16384K)
 Metaspace       used 31296K, committed 31744K, reserved 1114112K
  class space    used 4096K, committed 4288K, reserved 1048576K
}
Event: 344.576 GC heap after
{Heap after GC invocations=16 (full 0):
 garbage-first heap   total 299008K, used 49687K [0x0000000603800000, 0x0000000800000000)
  region size 4096K, 4 young (16384K), 4 survivors (16384K)
 Metaspace       used 31296K, committed 31744K, reserved 1114112K
  class space    used 4096K, committed 4288K, reserved 1048576K
}
Event: 382.923 GC heap before
{Heap before GC invocations=16 (full 0):
 garbage-first heap   total 299008K, used 221719K [0x0000000603800000, 0x0000000800000000)
  region size 4096K, 43 young (176128K), 4 survivors (16384K)
 Metaspace       used 31297K, committed 31744K, reserved 1114112K
  class space    used 4096K, committed 4288K, reserved 1048576K
}
Event: 382.924 GC heap after
{Heap after GC invocations=17 (full 0):
 garbage-first heap   total 299008K, used 34982K [0x0000000603800000, 0x0000000800000000)
  region size 4096K, 2 young (8192K), 2 survivors (8192K)
 Metaspace       used 31297K, committed 31744K, reserved 1114112K
  class space    used 4096K, committed 4288K, reserved 1048576K
}
Event: 390.805 GC heap before
{Heap before GC invocations=17 (full 0):
 garbage-first heap   total 299008K, used 215206K [0x0000000603800000, 0x0000000800000000)
  region size 4096K, 43 young (176128K), 2 survivors (8192K)
 Metaspace       used 31297K, committed 31744K, reserved 1114112K
  class space    used 4096K, committed 4288K, reserved 1048576K
}
Event: 390.807 GC heap after
{Heap after GC invocations=18 (full 0):
 garbage-first heap   total 299008K, used 51864K [0x0000000603800000, 0x0000000800000000)
  region size 4096K, 4 young (16384K), 4 survivors (16384K)
 Metaspace       used 31297K, committed 31744K, reserved 1114112K
  class space    used 4096K, committed 4288K, reserved 1048576K
}
Event: 391.080 GC heap before
{Heap before GC invocations=18 (full 0):
 garbage-first heap   total 299008K, used 232088K [0x0000000603800000, 0x0000000800000000)
  region size 4096K, 43 young (176128K), 4 survivors (16384K)
 Metaspace       used 31297K, committed 31744K, reserved 1114112K
  class space    used 4096K, committed 4288K, reserved 1048576K
}
Event: 391.081 GC heap after
{Heap after GC invocations=19 (full 0):
 garbage-first heap   total 299008K, used 52270K [0x0000000603800000, 0x0000000800000000)
  region size 4096K, 4 young (16384K), 4 survivors (16384K)
 Metaspace       used 31297K, committed 31744K, reserved 1114112K
  class space    used 4096K, committed 4288K, reserved 1048576K
}
Event: 391.305 GC heap before
{Heap before GC invocations=19 (full 0):
 garbage-first heap   total 299008K, used 232494K [0x0000000603800000, 0x0000000800000000)
  region size 4096K, 43 young (176128K), 4 survivors (16384K)
 Metaspace       used 31297K, committed 31744K, reserved 1114112K
  class space    used 4096K, committed 4288K, reserved 1048576K
}
Event: 391.306 GC heap after
{Heap after GC invocations=20 (full 0):
 garbage-first heap   total 299008K, used 49207K [0x0000000603800000, 0x0000000800000000)
  region size 4096K, 3 young (12288K), 3 survivors (12288K)
 Metaspace       used 31297K, committed 31744K, reserved 1114112K
  class space    used 4096K, committed 4288K, reserved 1048576K
}
Event: 391.515 GC heap before
{Heap before GC invocations=20 (full 0):
 garbage-first heap   total 299008K, used 229431K [0x0000000603800000, 0x0000000800000000)
  region size 4096K, 43 young (176128K), 3 survivors (12288K)
 Metaspace       used 31297K, committed 31744K, reserved 1114112K
  class space    used 4096K, committed 4288K, reserved 1048576K
}
Event: 391.516 GC heap after
{Heap after GC invocations=21 (full 0):
 garbage-first heap   total 299008K, used 52271K [0x0000000603800000, 0x0000000800000000)
  region size 4096K, 4 young (16384K), 4 survivors (16384K)
 Metaspace       used 31297K, committed 31744K, reserved 1114112K
  class space    used 4096K, committed 4288K, reserved 1048576K
}
Event: 786.351 GC heap before
{Heap before GC invocations=21 (full 0):
 garbage-first heap   total 299008K, used 224303K [0x0000000603800000, 0x0000000800000000)
  region size 4096K, 43 young (176128K), 4 survivors (16384K)
 Metaspace       used 31297K, committed 31744K, reserved 1114112K
  class space    used 4096K, committed 4288K, reserved 1048576K
}

