# JRE version: Java(TM) SE Runtime Environment (17.0.12+8) (build 17.0.12+8-LTS-286)
# Java VM: Java HotSpot(TM) 64-Bit Server VM (17.0.12+8-LTS-286, mixed mode, emulated-client, sharing, tiered, compressed oops, compressed class ptrs, g1 gc, windows-amd64)
GC Precious Log:
 CPUs: 12 total, 12 available
 Memory: 32536M
 Large Page Support: Disabled
 NUMA Support: Disabled
 Compressed Oops: Enabled (Zero based)
 Heap Region Size: 4M
 Heap Min Capacity: 8M
 Heap Initial Capacity: 512M
 Heap Max Capacity: 8136M
 Pre-touch: Disabled
 Parallel Workers: 10
 Concurrent Workers: 3
 Concurrent Refinement Workers: 10
 Periodic GC: Disabled
Heap:
 garbage-first heap   total 299008K, used 72004K [0x0000000603800000, 0x0000000800000000)
  region size 4096K, 13 young (53248K), 1 survivors (4096K)
 Metaspace       used 56573K, committed 57024K, reserved 1114112K
  class space    used 7319K, committed 7552K, reserved 1048576K
GC Heap History (20 events):
Event: 0.495 GC heap before
{Heap before GC invocations=1 (full 0):
 garbage-first heap   total 524288K, used 26775K [0x0000000603800000, 0x0000000800000000)
  region size 4096K, 6 young (24576K), 1 survivors (4096K)
 Metaspace       used 10169K, committed 10432K, reserved 1114112K
  class space    used 1368K, committed 1472K, reserved 1048576K
}
Event: 0.497 GC heap after
{Heap after GC invocations=2 (full 0):
 garbage-first heap   total 524288K, used 7952K [0x0000000603800000, 0x0000000800000000)
  region size 4096K, 1 young (4096K), 1 survivors (4096K)
 Metaspace       used 10169K, committed 10432K, reserved 1114112K
  class space    used 1368K, committed 1472K, reserved 1048576K
}
Event: 0.907 GC heap before
{Heap before GC invocations=2 (full 0):
 garbage-first heap   total 524288K, used 81680K [0x0000000603800000, 0x0000000800000000)
  region size 4096K, 20 young (81920K), 1 survivors (4096K)
 Metaspace       used 21240K, committed 21504K, reserved 1114112K
  class space    used 2797K, committed 2944K, reserved 1048576K
}
Event: 0.909 GC heap after
{Heap after GC invocations=3 (full 0):
 garbage-first heap   total 524288K, used 11336K [0x0000000603800000, 0x0000000800000000)
  region size 4096K, 2 young (8192K), 2 survivors (8192K)
 Metaspace       used 21240K, committed 21504K, reserved 1114112K
  class space    used 2797K, committed 2944K, reserved 1048576K
}
Event: 1.155 GC heap before
{Heap before GC invocations=4 (full 0):
 garbage-first heap   total 69632K, used 48200K [0x0000000603800000, 0x0000000800000000)
  region size 4096K, 12 young (49152K), 2 survivors (8192K)
 Metaspace       used 26933K, committed 27264K, reserved 1114112K
  class space    used 3728K, committed 3904K, reserved 1048576K
}
Event: 1.158 GC heap after
{Heap after GC invocations=5 (full 0):
 garbage-first heap   total 69632K, used 14308K [0x0000000603800000, 0x0000000800000000)
  region size 4096K, 2 young (8192K), 2 survivors (8192K)
 Metaspace       used 26933K, committed 27264K, reserved 1114112K
  class space    used 3728K, committed 3904K, reserved 1048576K
}
Event: 1.186 GC heap before
{Heap before GC invocations=5 (full 0):
 garbage-first heap   total 69632K, used 18404K [0x0000000603800000, 0x0000000800000000)
  region size 4096K, 3 young (12288K), 2 survivors (8192K)
 Metaspace       used 27664K, committed 27968K, reserved 1114112K
  class space    used 3796K, committed 3904K, reserved 1048576K
}
Event: 1.190 GC heap after
{Heap after GC invocations=6 (full 0):
 garbage-first heap   total 69632K, used 15270K [0x0000000603800000, 0x0000000800000000)
  region size 4096K, 1 young (4096K), 1 survivors (4096K)
 Metaspace       used 27664K, committed 27968K, reserved 1114112K
  class space    used 3796K, committed 3904K, reserved 1048576K
}
Event: 1.337 GC heap before
{Heap before GC invocations=6 (full 0):
 garbage-first heap   total 69632K, used 39846K [0x0000000603800000, 0x0000000800000000)
  region size 4096K, 7 young (28672K), 1 survivors (4096K)
 Metaspace       used 30582K, committed 30976K, reserved 1114112K
  class space    used 4180K, committed 4352K, reserved 1048576K
}
Event: 1.339 GC heap after
{Heap after GC invocations=7 (full 0):
 garbage-first heap   total 69632K, used 15935K [0x0000000603800000, 0x0000000800000000)
  region size 4096K, 1 young (4096K), 1 survivors (4096K)
 Metaspace       used 30582K, committed 30976K, reserved 1114112K
  class space    used 4180K, committed 4352K, reserved 1048576K
}
Event: 1.496 GC heap before
{Heap before GC invocations=7 (full 0):
 garbage-first heap   total 69632K, used 40511K [0x0000000603800000, 0x0000000800000000)
  region size 4096K, 8 young (32768K), 1 survivors (4096K)
 Metaspace       used 35615K, committed 35968K, reserved 1114112K
  class space    used 4855K, committed 5056K, reserved 1048576K
}
Event: 1.498 GC heap after
{Heap after GC invocations=8 (full 0):
 garbage-first heap   total 69632K, used 17075K [0x0000000603800000, 0x0000000800000000)
  region size 4096K, 1 young (4096K), 1 survivors (4096K)
 Metaspace       used 35615K, committed 35968K, reserved 1114112K
  class space    used 4855K, committed 5056K, reserved 1048576K
}
Event: 2.035 GC heap before
{Heap before GC invocations=9 (full 0):
 garbage-first heap   total 69632K, used 45747K [0x0000000603800000, 0x0000000800000000)
  region size 4096K, 8 young (32768K), 1 survivors (4096K)
 Metaspace       used 39722K, committed 40064K, reserved 1114112K
  class space    used 5401K, committed 5568K, reserved 1048576K
}
Event: 2.037 GC heap after
{Heap after GC invocations=10 (full 0):
 garbage-first heap   total 69632K, used 19315K [0x0000000603800000, 0x0000000800000000)
  region size 4096K, 1 young (4096K), 1 survivors (4096K)
 Metaspace       used 39722K, committed 40064K, reserved 1114112K
  class space    used 5401K, committed 5568K, reserved 1048576K
}
Event: 2.243 GC heap before
{Heap before GC invocations=10 (full 0):
 garbage-first heap   total 69632K, used 47987K [0x0000000603800000, 0x0000000800000000)
  region size 4096K, 8 young (32768K), 1 survivors (4096K)
 Metaspace       used 43124K, committed 43520K, reserved 1114112K
  class space    used 5813K, committed 6016K, reserved 1048576K
}
Event: 2.247 GC heap after
{Heap after GC invocations=11 (full 0):
 garbage-first heap   total 69632K, used 21935K [0x0000000603800000, 0x0000000800000000)
  region size 4096K, 1 young (4096K), 1 survivors (4096K)
 Metaspace       used 43124K, committed 43520K, reserved 1114112K
  class space    used 5813K, committed 6016K, reserved 1048576K
}
Event: 2.452 GC heap before
{Heap before GC invocations=11 (full 0):
 garbage-first heap   total 69632K, used 46511K [0x0000000603800000, 0x0000000800000000)
  region size 4096K, 8 young (32768K), 1 survivors (4096K)
 Metaspace       used 49253K, committed 49664K, reserved 1114112K
  class space    used 6530K, committed 6720K, reserved 1048576K
}
Event: 2.455 GC heap after
{Heap after GC invocations=12 (full 0):
 garbage-first heap   total 69632K, used 24687K [0x0000000603800000, 0x0000000800000000)
  region size 4096K, 1 young (4096K), 1 survivors (4096K)
 Metaspace       used 49253K, committed 49664K, reserved 1114112K
  class space    used 6530K, committed 6720K, reserved 1048576K
}
Event: 6.187 GC heap before
{Heap before GC invocations=12 (full 0):
 garbage-first heap   total 69632K, used 45167K [0x0000000603800000, 0x0000000800000000)
  region size 4096K, 7 young (28672K), 1 survivors (4096K)
 Metaspace       used 53918K, committed 54336K, reserved 1114112K
  class space    used 7069K, committed 7232K, reserved 1048576K
}
Event: 6.189 GC heap after
{Heap after GC invocations=13 (full 0):
 garbage-first heap   total 299008K, used 26948K [0x0000000603800000, 0x0000000800000000)
  region size 4096K, 1 young (4096K), 1 survivors (4096K)
 Metaspace       used 53918K, committed 54336K, reserved 1114112K
  class space    used 7069K, committed 7232K, reserved 1048576K
}

